<?xml version="1.0" encoding="UTF-8"?>
<!-- Generated by org.testng.reporters.JUnitReportReporter -->
<testsuite hostname="DESKTOP-GEMJ2VE" failures="0" tests="2" name="TestNGPack.Test1" time="0.006" errors="0" timestamp="2023-02-14T22:29:28 IST" skipped="0">
  <testcase classname="TestNGPack.Test1" name="test1" time="0.004"/>
  <system-out/>
  <testcase classname="TestNGPack.Test1" name="test2" time="0.002"/>
  <system-out/>
</testsuite> <!-- TestNGPack.Test1 -->
