<?xml version="1.0" encoding="UTF-8"?>
<!-- Generated by org.testng.reporters.JUnitReportReporter -->
<testsuite hostname="DESKTOP-GEMJ2VE" failures="0" tests="5" name="TestNGPack.Test2" time="0.055" errors="0" timestamp="2023-02-14T22:29:28 IST" skipped="0">
  <testcase classname="TestNGPack.Test2" name="testE" time="0.021"/>
  <system-out/>
  <testcase classname="TestNGPack.Test2" name="testD" time="0.008"/>
  <system-out/>
  <testcase classname="TestNGPack.Test2" name="testA" time="0.008"/>
  <system-out/>
  <testcase classname="TestNGPack.Test2" name="testB" time="0.010"/>
  <system-out/>
  <testcase classname="TestNGPack.Test2" name="testC" time="0.008"/>
  <system-out/>
</testsuite> <!-- TestNGPack.Test2 -->
