<?xml version="1.0" encoding="UTF-8"?>
<!-- Generated by org.testng.reporters.JUnitReportReporter -->
<testsuite hostname="DESKTOP-GEMJ2VE" failures="0" tests="3" name="TestNGPack.TestCase12" time="25.991" errors="0" timestamp="2023-02-20T12:02:41 IST" skipped="0">
  <testcase classname="TestNGPack.TestCase12" name="VerifySignUpPageFunctionality" time="7.868"/>
  <system-out/>
  <testcase classname="TestNGPack.TestCase12" name="VerifyForgotPasswordFunctionality" time="13.641"/>
  <system-out/>
  <testcase classname="TestNGPack.TestCase12" name="VerifyLoginFunctionality" time="4.482"/>
  <system-out/>
</testsuite> <!-- TestNGPack.TestCase12 -->
