<?xml version="1.0" encoding="UTF-8"?>
<!-- Generated by org.testng.reporters.JUnitReportReporter -->
<testsuite hostname="DESKTOP-GEMJ2VE" failures="0" tests="1" name="TestNGPack.VerifyQuizze" time="5.464" errors="0" timestamp="2023-02-20T12:02:41 IST" skipped="0">
  <testcase classname="TestNGPack.VerifyQuizze" name="test" time="5.464"/>
  <system-out/>
</testsuite> <!-- TestNGPack.VerifyQuizze -->
