<?xml version="1.0" encoding="UTF-8"?>
<!-- Generated by org.testng.reporters.JUnitReportReporter -->
<testsuite hostname="DESKTOP-GEMJ2VE" failures="0" tests="1" name="TestNGPack.auto" time="3.893" errors="0" timestamp="2023-01-27T16:26:47 IST" skipped="0">
  <testcase classname="TestNGPack.auto" name="test" time="3.893"/>
  <system-out/>
</testsuite> <!-- TestNGPack.auto -->
