<?xml version="1.0" encoding="UTF-8"?>
<!-- Generated by org.testng.reporters.JUnitReportReporter -->
<testsuite hostname="DESKTOP-GEMJ2VE" failures="0" tests="1" name="TestNGPack.TestCase1" time="10.823" errors="0" timestamp="2023-01-24T16:58:51 IST" skipped="0">
  <testcase classname="TestNGPack.TestCase1" name="test" time="10.823"/>
  <system-out/>
</testsuite> <!-- TestNGPack.TestCase1 -->
