<?xml version="1.0" encoding="UTF-8"?>
<!-- Generated by org.testng.reporters.JUnitReportReporter -->
<testsuite hostname="DESKTOP-GEMJ2VE" failures="0" tests="5" name="TestNGPack.TestCaseTestNG" time="0.031" errors="0" timestamp="2023-01-24T14:55:53 IST" skipped="0">
  <testcase classname="TestNGPack.TestCaseTestNG" name="test4" time="0.017"/>
  <system-out/>
  <testcase classname="TestNGPack.TestCaseTestNG" name="test1" time="0.003"/>
  <system-out/>
  <testcase classname="TestNGPack.TestCaseTestNG" name="test2" time="0.006"/>
  <system-out/>
  <testcase classname="TestNGPack.TestCaseTestNG" name="test3" time="0.002"/>
  <system-out/>
  <testcase classname="TestNGPack.TestCaseTestNG" name="test5" time="0.003"/>
  <system-out/>
</testsuite> <!-- TestNGPack.TestCaseTestNG -->
