<?xml version="1.0" encoding="UTF-8"?>
<!-- Generated by org.testng.reporters.JUnitReportReporter -->
<testsuite hostname="DESKTOP-GEMJ2VE" failures="0" tests="1" name="TestNGPack.VerifyTheGet30DaysFreeTrailTextOnCreateWebsitePage" time="16.343" errors="0" timestamp="2023-02-20T12:02:41 IST" skipped="0">
  <testcase classname="TestNGPack.VerifyTheGet30DaysFreeTrailTextOnCreateWebsitePage" name="test" time="16.343"/>
  <system-out/>
</testsuite> <!-- TestNGPack.VerifyTheGet30DaysFreeTrailTextOnCreateWebsitePage -->
